<?xml version="1.0" encoding="UTF-8"?>
<!-- Generated by org.testng.reporters.JUnitReportReporter -->
<testsuite skipped="0" hostname="WINDOWS-8JREQPE" name="com.hrms.testcases.LoginTest" tests="1" failures="0" timestamp="2020-05-30T14:35:00 EDT" time="11.781" errors="0">
  <testcase name="validAdminLogin" time="11.781" classname="com.hrms.testcases.LoginTest"/>
  <system-out/>
</testsuite> <!-- com.hrms.testcases.LoginTest -->
