<?xml version="1.0" encoding="UTF-8"?>
<!-- Generated by org.testng.reporters.JUnitReportReporter -->
<testsuite skipped="0" hostname="WINDOWS-8JREQPE" name="com.hrms.testcases.AddEmployeeTest" tests="1" failures="0" timestamp="2020-05-30T14:15:02 EDT" time="16.393" errors="0">
  <testcase name="addEmployeePage" time="16.393" classname="com.hrms.testcases.AddEmployeeTest"/>
  <system-out/>
</testsuite> <!-- com.hrms.testcases.AddEmployeeTest -->
